
> desktop@0.1.0 tauri
> tauri build

        Info Looking up installed tauri packages to check mismatched versions...
     Running beforeBuildCommand `npm run build`

> desktop@0.1.0 build
> tsc && vite build

[36mvite v7.3.5 [32mbuilding client environment for production...[36m[39m
transforming...
[32m✓[39m 1784 modules transformed.
rendering chunks...
[plugin vite:reporter] 
(!) D:/Offices/stairspeedtest-reborn-master/separated/desktop/node_modules/@tauri-apps/api/core.js is dynamically imported by D:/Offices/stairspeedtest-reborn-master/separated/desktop/src/main.tsx, D:/Offices/stairspeedtest-reborn-master/separated/desktop/src/store/test.ts, D:/Offices/stairspeedtest-reborn-master/separated/desktop/src/store/test.ts but also statically imported by D:/Offices/stairspeedtest-reborn-master/separated/desktop/node_modules/@tauri-apps/plugin-dialog/dist-js/index.js, D:/Offices/stairspeedtest-reborn-master/separated/desktop/node_modules/@tauri-apps/plugin-opener/dist-js/index.js, D:/Offices/stairspeedtest-reborn-master/separated/desktop/src/components/NetworkInfo.tsx, D:/Offices/stairspeedtest-reborn-master/separated/desktop/src/lib/api.ts, D:/Offices/stairspeedtest-reborn-master/separated/desktop/src/pages/History.tsx, D:/Offices/stairspeedtest-reborn-master/separated/desktop/src/pages/Logs.tsx, D:/Offices/stairspeedtest-reborn-master/separated/desktop/src/pages/SettingsPage.tsx, dynamic import will not move module into another chunk.

computing gzip size...
[2mdist/[22m[32mindex.html                       [39m[1m[2m  1.75 kB[22m[1m[22m[2m │ gzip:  1.07 kB[22m
[2mdist/[22m[32massets/ecy-favicon-O4CkF3_Z.ico  [39m[1m[2m135.70 kB[22m[1m[22m
[2mdist/[22m[32massets/logo-hpEEudB4.png         [39m[1m[2m155.52 kB[22m[1m[22m
[2mdist/[22m[35massets/index-DiYYSzeQ.css        [39m[1m[2m 26.89 kB[22m[1m[22m[2m │ gzip:  5.57 kB[22m
[2mdist/[22m[36massets/index-D1jtnv2Y.js         [39m[1m[2m  0.29 kB[22m[1m[22m[2m │ gzip:  0.18 kB[22m
[2mdist/[22m[36massets/index-BLo5Y_SQ.js         [39m[1m[2m  0.33 kB[22m[1m[22m[2m │ gzip:  0.22 kB[22m
[2mdist/[22m[36massets/index-D4TLanXq.js         [39m[1m[2m271.60 kB[22m[1m[22m[2m │ gzip: 85.84 kB[22m
[32m✓ built in 4.73s[39m
   Compiling tauri-utils v2.9.2
   Compiling tauri-winres v0.3.6
   Compiling tauri-runtime v2.11.2
   Compiling tauri-runtime-wry v2.11.2
   Compiling tauri-build v2.6.2
   Compiling tauri-plugin v2.6.2
   Compiling tauri-codegen v2.6.2
   Compiling tauri v2.11.2
   Compiling tauri-plugin-fs v2.5.1
   Compiling tauri-macros v2.6.2
   Compiling tauri-plugin-opener v2.5.4
   Compiling tauri-plugin-dialog v2.7.1
   Compiling stair-speedtest v0.1.0 (D:\Offices\stairspeedtest-reborn-master\separated\desktop\src-tauri)
warning: variable does not need to be mutable
  --> build.rs:10:9
   |
10 |     let mut d = days + 719468;
   |         ----^
   |         |
   |         help: remove this `mut`
   |
   = note: `#[warn(unused_mut)]` (part of `#[warn(unused)]`) on by default

warning: `stair-speedtest` (build script) generated 1 warning
    Finished `release` profile [optimized] target(s) in 3m 00s
       Built application at: D:\Offices\stairspeedtest-reborn-master\separated\desktop\src-tauri\target\release\stair-speedtest.exe
        Info Patching D:\Offices\stairspeedtest-reborn-master\separated\desktop\src-tauri\target\release\stair-speedtest.exe with bundle type information: nsis
        Info Target: x64
     Running makensis to produce D:\Offices\stairspeedtest-reborn-master\separated\desktop\src-tauri\target\release\bundle\nsis\Stair Speedtest_0.1.0_x64-setup.exe
    Finished 1 bundle at:
        D:\Offices\stairspeedtest-reborn-master\separated\desktop\src-tauri\target\release\bundle\nsis\Stair Speedtest_0.1.0_x64-setup.exe

